<?xml version="1.0" encoding="UTF-8"?>
<!-- Generated by org.testng.reporters.JUnitReportReporter -->
<testsuite skipped="0" hostname="krish" name="testngdataprovider.c1" tests="3" failures="0" timestamp="2023-10-09T21:13:59 IST" time="25.210" errors="0">
  <testcase name="DataProvSampleTest" time="6.691" classname="testngdataprovider.c1"/>
  <system-out/>
  <testcase name="DataProvSampleTest" time="6.537" classname="testngdataprovider.c1"/>
  <system-out/>
  <testcase name="DataProvSampleTest" time="11.982" classname="testngdataprovider.c1"/>
  <system-out/>
</testsuite> <!-- testngdataprovider.c1 -->
