<?xml version="1.0" encoding="UTF-8"?>
<!-- Generated by org.testng.reporters.JUnitReportReporter -->
<testsuite skipped="0" hostname="krish" name="testngassertion.a1" tests="1" failures="0" timestamp="2023-10-04T21:09:51 IST" time="5.998" errors="0">
  <testcase name="hd" time="5.998" classname="testngassertion.a1"/>
  <system-out/>
</testsuite> <!-- testngassertion.a1 -->
