<?xml version="1.0" encoding="UTF-8"?>
<!-- Generated by org.testng.reporters.JUnitReportReporter -->
<testsuite skipped="0" hostname="krish" name="autoitt.a1" tests="1" failures="0" timestamp="2023-10-12T21:08:11 IST" time="31.788" errors="0">
  <testcase name="t1" time="31.788" classname="autoitt.a1"/>
  <system-out/>
</testsuite> <!-- autoitt.a1 -->
