<?xml version="1.0" encoding="UTF-8"?>
<!-- Generated by org.testng.reporters.JUnitReportReporter -->
<testsuite skipped="0" hostname="krish" name="testngdependency.rea" tests="7" failures="0" timestamp="2023-10-03T20:54:43 IST" time="9.360" errors="0">
  <testcase name="visiting" time="3.235" classname="testngdependency.rea"/>
  <system-out/>
  <testcase name="max" time="0.164" classname="testngdependency.rea"/>
  <system-out/>
  <testcase name="refresh" time="0.562" classname="testngdependency.rea"/>
  <system-out/>
  <testcase name="refresh" time="0.015" classname="testngdependency.rea"/>
  <system-out/>
  <testcase name="refresh" time="0.688" classname="testngdependency.rea"/>
  <system-out/>
  <testcase name="clicking" time="1.933" classname="testngdependency.rea"/>
  <system-out/>
  <testcase name="close" time="2.763" classname="testngdependency.rea"/>
  <system-out/>
</testsuite> <!-- testngdependency.rea -->
