<?xml version="1.0" encoding="UTF-8"?>
<!-- Generated by org.testng.reporters.JUnitReportReporter -->
<testsuite skipped="0" hostname="krish" name="testngannotations.a1" tests="2" failures="0" timestamp="2023-10-03T21:15:30 IST" time="2.173" errors="0">
  <testcase name="t2" time="1.483" classname="testngannotations.a1"/>
  <system-out/>
  <testcase name="t1" time="0.690" classname="testngannotations.a1"/>
  <system-out/>
</testsuite> <!-- testngannotations.a1 -->
